<?xml version="1.0" encoding="UTF-8"?>
<!-- Generated by org.testng.reporters.JUnitReportReporter -->
<testsuite hostname="Gill" failures="0" tests="2" name="qaAcademy.HomePage" time="8.171" errors="0" timestamp="2022-08-26T23:39:00 EDT" skipped="0">
  <testcase classname="qaAcademy.HomePage" name="basePageNavigation" time="5.963"/>
  <system-out/>
  <testcase classname="qaAcademy.HomePage" name="basePageNavigation" time="2.208"/>
  <system-out/>
</testsuite> <!-- qaAcademy.HomePage -->
