<?xml version="1.0" encoding="UTF-8"?>
<!-- Generated by org.testng.reporters.JUnitReportReporter -->
<testsuite hostname="Gill" failures="0" tests="1" name="qaAcademy.validateNavigationBar" time="0.036" errors="0" timestamp="2022-08-26T22:46:18 EDT" skipped="0">
  <testcase classname="qaAcademy.validateNavigationBar" name="basePageNavigation" time="0.036"/>
  <system-out/>
</testsuite> <!-- qaAcademy.validateNavigationBar -->
