<?xml version="1.0" encoding="UTF-8"?>
<!-- Generated by org.testng.reporters.JUnitReportReporter -->
<testsuite skipped="0" hostname="Gill" name="qaAcademy.HomePage" tests="2" failures="0" timestamp="2022-08-26T19:22:39 EDT" time="6.972" errors="0">
  <testcase name="basePageNavigation" time="1.592" classname="qaAcademy.HomePage"/>
  <system-out/>
  <testcase name="basePageNavigation" time="5.380" classname="qaAcademy.HomePage"/>
  <system-out/>
</testsuite> <!-- qaAcademy.HomePage -->
