<?xml version="1.0" encoding="UTF-8"?>
<!-- Generated by org.testng.reporters.JUnitReportReporter -->
<testsuite skipped="0" hostname="Gill" name="qaAcademy.HomePageTest" tests="1" failures="0" timestamp="2022-08-26T19:22:39 EDT" time="0.663" errors="0">
  <testcase name="basePageNavigation" time="0.663" classname="qaAcademy.HomePageTest"/>
  <system-out/>
</testsuite> <!-- qaAcademy.HomePageTest -->
